Running Test262 suite from: test262
Searching in subdirectory: language/expressions/assignment
Found 485 test files
FAIL 5/485 test262/test/language/expressions/assignment/11.13.1-4-1.js - test failed: Runtime Error at 1:1: Uncaught exception: TypeError: Cannot read property 'value' of undefined
    at <script> (<script>:1:1)
FAIL 6/485 test262/test/language/expressions/assignment/11.13.1-4-14-s.js - test failed: Runtime Error at 1:1: Uncaught exception: Error: Expected a TypeError to be thrown but no exception was thrown at all
FAIL 11/485 test262/test/language/expressions/assignment/11.13.1-4-6-s.js - test failed: Runtime Error at 1:1: Uncaught exception: Error: Expected a TypeError to be thrown but no exception was thrown at all
FAIL 15/485 test262/test/language/expressions/assignment/8.14.4-8-b_1.js - test failed: Runtime Error at 1:1: Uncaught exception: TypeError: Cannot assign to read only property 'bar'
    at <script> (<script>:1:1)
FAIL 23/485 test262/test/language/expressions/assignment/S11.13.1_A5_T1.js - test failed: Runtime Error at 1:1: Uncaught exception: Error: #1: scope.x === 2. Actual: undefined
FAIL 24/485 test262/test/language/expressions/assignment/S11.13.1_A5_T2.js - test failed: Runtime Error at 1:1: Uncaught exception: Error: #1: scope.x === 2. Actual: undefined
FAIL 26/485 test262/test/language/expressions/assignment/S11.13.1_A6_T1.js - test failed: Runtime Error at 1:1: Uncaught exception: Error: #1: innerX === undefined. Actual: 1
FAIL 27/485 test262/test/language/expressions/assignment/S11.13.1_A6_T2.js - test failed: Runtime Error at 1:1: Uncaught exception: Error: #1: innerX === 2. Actual: 1
FAIL 30/485 test262/test/language/expressions/assignment/S8.12.4_A1.js - test failed: Runtime Error at 1:1: Uncaught exception: TypeError: Cannot assign to read only property 'E'
    at <script> (<script>:15:1)
FAIL 33/485 test262/test/language/expressions/assignment/assignment-operator-calls-putvalue-lref--rval--1.js - test failed: Runtime Error at 1:1: Uncaught exception: Error: Expected a ReferenceError to be thrown but no exception was thrown at all
FAIL 34/485 test262/test/language/expressions/assignment/assignment-operator-calls-putvalue-lref--rval-.js - test failed: Runtime Error at 1:1: Uncaught exception: Error: Expected a ReferenceError to be thrown but no exception was thrown at all
FAIL 35/485 test262/test/language/expressions/assignment/destructuring/default-expr-throws-iterator-return-get-throws.js - test failed: Runtime Error at 1:1: Uncaught exception: Error: Expected SameValue(«0», «1») to be true
FAIL 37/485 test262/test/language/expressions/assignment/destructuring/iterator-destructuring-property-reference-target-evaluation-order.js - test failed: Runtime Error at 1:1: Uncaught exception: Error: Actual [source, target, target-key, target-key-tostring, set] and expected [source, iterator, target, target-key, iterator-step, iterator-done, target-key-tostring, set] should have the same contents. 
FAIL 38/485 test262/test/language/expressions/assignment/destructuring/keyed-destructuring-property-reference-target-evaluation-order-with-bindings.js - test failed: Runtime Error at 1:1: Uncaught exception: Error: Actual [targetKey, set target] and expected [binding::source, binding::sourceKey, sourceKey, binding::target, binding::targetKey, get source, binding::defaultValue, targetKey, set target] should have the same contents. 
FAIL 39/485 test262/test/language/expressions/assignment/destructuring/keyed-destructuring-property-reference-target-evaluation-order.js - test failed: Runtime Error at 1:1: Uncaught exception: Error: Actual [source, source-key, target, target-key, target-key-tostring, set] and expected [source, source-key, source-key-tostring, target, target-key, get, target-key-tostring, set] should have the same contents. 
FAIL 53/485 test262/test/language/expressions/assignment/dstr/array-elem-init-simple-no-strict.js - test failed: Compile Error at 189:8: error compiling RHS
FAIL 57/485 test262/test/language/expressions/assignment/dstr/array-elem-iter-get-err.js - test failed: Runtime Error at 1:1: Uncaught exception: Error: Expected a Test262Error to be thrown but no exception was thrown at all
FAIL 58/485 test262/test/language/expressions/assignment/dstr/array-elem-iter-nrml-close-err.js - test failed: Runtime Error at 1:1: Uncaught exception: Error: Expected a Test262Error to be thrown but no exception was thrown at all
FAIL 59/485 test262/test/language/expressions/assignment/dstr/array-elem-iter-nrml-close-null.js - test failed: Runtime Error at 1:1: Uncaught exception: Error: Expected a TypeError to be thrown but no exception was thrown at all
FAIL 60/485 test262/test/language/expressions/assignment/dstr/array-elem-iter-nrml-close-skip.js - test failed: Runtime Error at 1:1: Uncaught exception: Error: Expected SameValue(«0», «1») to be true
FAIL 61/485 test262/test/language/expressions/assignment/dstr/array-elem-iter-nrml-close.js - test failed: Runtime Error at 1:1: Uncaught exception: Error: Expected SameValue(«0», «1») to be true
FAIL 62/485 test262/test/language/expressions/assignment/dstr/array-elem-iter-rtrn-close-err.js - test failed: Runtime Error at 1:1: Uncaught exception: Error: Expected a Test262Error to be thrown but no exception was thrown at all
FAIL 63/485 test262/test/language/expressions/assignment/dstr/array-elem-iter-rtrn-close-null.js - test failed: Runtime Error at 1:1: Uncaught exception: Error: Expected SameValue(«0», «1») to be true
FAIL 64/485 test262/test/language/expressions/assignment/dstr/array-elem-iter-rtrn-close.js - test failed: Runtime Error at 1:1: Uncaught exception: Error: Expected SameValue(«0», «1») to be true
FAIL 65/485 test262/test/language/expressions/assignment/dstr/array-elem-iter-thrw-close-err.js - test failed: Runtime Error at 1:1: Uncaught exception: Error: Expected SameValue(«0», «1») to be true
FAIL 66/485 test262/test/language/expressions/assignment/dstr/array-elem-iter-thrw-close-skip.js - test failed: Runtime Error at 1:1: Uncaught exception: Error: Expected a Test262Error to be thrown but no exception was thrown at all
FAIL 67/485 test262/test/language/expressions/assignment/dstr/array-elem-iter-thrw-close.js - test failed: Runtime Error at 1:1: Uncaught exception: Error: Expected SameValue(«0», «1») to be true
FAIL 87/485 test262/test/language/expressions/assignment/dstr/array-elem-put-const.js - test failed: Runtime Error at 1:1: Uncaught exception: Error: Expected a TypeError to be thrown but no exception was thrown at all
FAIL 88/485 test262/test/language/expressions/assignment/dstr/array-elem-put-let.js - test failed: Runtime Error at 1:1: Uncaught exception: Error: Expected a ReferenceError to be thrown but no exception was thrown at all
FAIL 96/485 test262/test/language/expressions/assignment/dstr/array-elem-put-unresolvable-no-strict.js - test failed: Compile Error at 189:8: error compiling RHS
FAIL 97/485 test262/test/language/expressions/assignment/dstr/array-elem-put-unresolvable-strict.js - test failed: Runtime Error at 1:1: Uncaught exception: Error: Expected a ReferenceError to be thrown but no exception was thrown at all
FAIL 99/485 test262/test/language/expressions/assignment/dstr/array-elem-target-simple-no-strict.js - test failed: Compile Error at 189:8: error compiling RHS
FAIL 104/485 test262/test/language/expressions/assignment/dstr/array-elem-trlg-iter-elision-iter-abpt.js - test failed: Runtime Error at 1:1: Uncaught exception: Error: Expected a Test262Error to be thrown but no exception was thrown at all
FAIL 105/485 test262/test/language/expressions/assignment/dstr/array-elem-trlg-iter-elision-iter-nrml-close-err.js - test failed: Runtime Error at 1:1: Uncaught exception: Error: Expected a Test262Error to be thrown but no exception was thrown at all
FAIL 106/485 test262/test/language/expressions/assignment/dstr/array-elem-trlg-iter-elision-iter-nrml-close-null.js - test failed: Runtime Error at 1:1: Uncaught exception: Error: Expected a TypeError to be thrown but no exception was thrown at all
FAIL 107/485 test262/test/language/expressions/assignment/dstr/array-elem-trlg-iter-elision-iter-nrml-close-skip.js - test failed: Runtime Error at 1:1: Uncaught exception: Error: Expected SameValue(«0», «2») to be true
FAIL 108/485 test262/test/language/expressions/assignment/dstr/array-elem-trlg-iter-elision-iter-nrml-close.js - test failed: Runtime Error at 1:1: Uncaught exception: Error: Expected SameValue(«0», «2») to be true
FAIL 109/485 test262/test/language/expressions/assignment/dstr/array-elem-trlg-iter-get-err.js - test failed: Runtime Error at 1:1: Uncaught exception: Error: Expected a Test262Error to be thrown but no exception was thrown at all
FAIL 110/485 test262/test/language/expressions/assignment/dstr/array-elem-trlg-iter-list-nrml-close-err.js - test failed: Runtime Error at 1:1: Uncaught exception: Error: Expected a Test262Error to be thrown but no exception was thrown at all
FAIL 111/485 test262/test/language/expressions/assignment/dstr/array-elem-trlg-iter-list-nrml-close-null.js - test failed: Runtime Error at 1:1: Uncaught exception: Error: Expected a TypeError to be thrown but no exception was thrown at all
FAIL 112/485 test262/test/language/expressions/assignment/dstr/array-elem-trlg-iter-list-nrml-close-skip.js - test failed: Runtime Error at 1:1: Uncaught exception: Error: Expected SameValue(«0», «1») to be true
FAIL 113/485 test262/test/language/expressions/assignment/dstr/array-elem-trlg-iter-list-nrml-close.js - test failed: Runtime Error at 1:1: Uncaught exception: Error: Expected SameValue(«0», «1») to be true
FAIL 114/485 test262/test/language/expressions/assignment/dstr/array-elem-trlg-iter-list-rtrn-close-err.js - test failed: Runtime Error at 1:1: Uncaught exception: Error: Expected SameValue(«0», «1») to be true
FAIL 115/485 test262/test/language/expressions/assignment/dstr/array-elem-trlg-iter-list-rtrn-close-null.js - test failed: Runtime Error at 1:1: Uncaught exception: Error: Expected SameValue(«0», «1») to be true
FAIL 116/485 test262/test/language/expressions/assignment/dstr/array-elem-trlg-iter-list-rtrn-close.js - test failed: Runtime Error at 1:1: Uncaught exception: Error: Expected SameValue(«0», «1») to be true
FAIL 117/485 test262/test/language/expressions/assignment/dstr/array-elem-trlg-iter-list-thrw-close-err.js - test failed: Runtime Error at 1:1: Uncaught exception: Error: Expected SameValue(«0», «1») to be true
FAIL 118/485 test262/test/language/expressions/assignment/dstr/array-elem-trlg-iter-list-thrw-close-skip.js - test failed: Runtime Error at 1:1: Uncaught exception: Error: Expected a Test262Error to be thrown but no exception was thrown at all
FAIL 119/485 test262/test/language/expressions/assignment/dstr/array-elem-trlg-iter-list-thrw-close.js - test failed: Runtime Error at 1:1: Uncaught exception: Error: Expected SameValue(«0», «1») to be true
FAIL 120/485 test262/test/language/expressions/assignment/dstr/array-elem-trlg-iter-rest-nrml-close-skip.js - test failed: Runtime Error at 15:0: Cannot slice non-array value of type 14
FAIL 124/485 test262/test/language/expressions/assignment/dstr/array-elem-trlg-iter-rest-thrw-close-err.js - test failed: Runtime Error at 229:0: Cannot slice non-array value of type 14
FAIL 125/485 test262/test/language/expressions/assignment/dstr/array-elem-trlg-iter-rest-thrw-close-skip.js - test failed: Runtime Error at 222:0: Cannot slice non-array value of type 14
FAIL 126/485 test262/test/language/expressions/assignment/dstr/array-elem-trlg-iter-rest-thrw-close.js - test failed: Runtime Error at 230:0: Cannot slice non-array value of type 14
FAIL 127/485 test262/test/language/expressions/assignment/dstr/array-elision-iter-abpt.js - test failed: Runtime Error at 1:1: Uncaught exception: Error: Expected a Test262Error to be thrown but no exception was thrown at all
FAIL 128/485 test262/test/language/expressions/assignment/dstr/array-elision-iter-get-err.js - test failed: Runtime Error at 1:1: Uncaught exception: Error: Expected a Test262Error to be thrown but no exception was thrown at all
FAIL 129/485 test262/test/language/expressions/assignment/dstr/array-elision-iter-nrml-close-err.js - test failed: Runtime Error at 1:1: Uncaught exception: Error: Expected a Test262Error to be thrown but no exception was thrown at all
FAIL 130/485 test262/test/language/expressions/assignment/dstr/array-elision-iter-nrml-close-null.js - test failed: Runtime Error at 1:1: Uncaught exception: Error: Expected a TypeError to be thrown but no exception was thrown at all
FAIL 131/485 test262/test/language/expressions/assignment/dstr/array-elision-iter-nrml-close-skip.js - test failed: Runtime Error at 1:1: Uncaught exception: Error: Expected SameValue(«0», «1») to be true
FAIL 132/485 test262/test/language/expressions/assignment/dstr/array-elision-iter-nrml-close.js - test failed: Runtime Error at 1:1: Uncaught exception: Error: Expected SameValue(«0», «1») to be true
FAIL 134/485 test262/test/language/expressions/assignment/dstr/array-elision-val-bool.js - test failed: Runtime Error at 186:0: Cannot index non-array/object/string/typedarray/generator type 'boolean' at IP 14
FAIL 136/485 test262/test/language/expressions/assignment/dstr/array-elision-val-num.js - test failed: Runtime Error at 186:0: Cannot index non-array/object/string/typedarray/generator type 'number' at IP 16
FAIL 138/485 test262/test/language/expressions/assignment/dstr/array-elision-val-symbol.js - test failed: Runtime Error at 187:0: Cannot index non-array/object/string/typedarray/generator type 'symbol' at IP 16
FAIL 140/485 test262/test/language/expressions/assignment/dstr/array-empty-iter-close-err.js - test failed: Runtime Error at 1:1: Uncaught exception: Error: Expected a Test262Error to be thrown but no exception was thrown at all
FAIL 141/485 test262/test/language/expressions/assignment/dstr/array-empty-iter-close-null.js - test failed: Runtime Error at 1:1: Uncaught exception: Error: Expected a TypeError to be thrown but no exception was thrown at all
FAIL 142/485 test262/test/language/expressions/assignment/dstr/array-empty-iter-close.js - test failed: Runtime Error at 1:1: Uncaught exception: Error: Expected SameValue(«0», «1») to be true
FAIL 143/485 test262/test/language/expressions/assignment/dstr/array-empty-iter-get-err.js - test failed: Runtime Error at 1:1: Uncaught exception: Error: Expected a Test262Error to be thrown but no exception was thrown at all
FAIL 145/485 test262/test/language/expressions/assignment/dstr/array-empty-val-bool.js - test failed: Runtime Error at 1:1: Uncaught exception: Error: Expected a TypeError to be thrown but no exception was thrown at all
FAIL 146/485 test262/test/language/expressions/assignment/dstr/array-empty-val-null.js - test failed: Runtime Error at 1:1: Uncaught exception: Error: Expected a TypeError to be thrown but no exception was thrown at all
FAIL 147/485 test262/test/language/expressions/assignment/dstr/array-empty-val-num.js - test failed: Runtime Error at 1:1: Uncaught exception: Error: Expected a TypeError to be thrown but no exception was thrown at all
FAIL 149/485 test262/test/language/expressions/assignment/dstr/array-empty-val-symbol.js - test failed: Runtime Error at 1:1: Uncaught exception: Error: Expected a TypeError to be thrown but no exception was thrown at all
FAIL 150/485 test262/test/language/expressions/assignment/dstr/array-empty-val-undef.js - test failed: Runtime Error at 1:1: Uncaught exception: Error: Expected a TypeError to be thrown but no exception was thrown at all
FAIL 151/485 test262/test/language/expressions/assignment/dstr/array-iteration.js - test failed: Runtime Error at 1:1: Uncaught exception: Error: Expected SameValue(«0», «2») to be true
FAIL 158/485 test262/test/language/expressions/assignment/dstr/array-rest-elision-iter-abpt.js - test failed: Runtime Error at 215:0: Cannot slice non-array value of type 14
FAIL 161/485 test262/test/language/expressions/assignment/dstr/array-rest-iter-get-err.js - test failed: Runtime Error at 197:0: Cannot slice non-array value of type 14
FAIL 162/485 test262/test/language/expressions/assignment/dstr/array-rest-iter-nrml-close-skip.js - test failed: Runtime Error at 15:0: Cannot slice non-array value of type 14
FAIL 163/485 test262/test/language/expressions/assignment/dstr/array-rest-iter-rtrn-close-err.js - test failed: Runtime Error at 232:0: Cannot slice non-array value of type 14
FAIL 164/485 test262/test/language/expressions/assignment/dstr/array-rest-iter-rtrn-close-null.js - test failed: Runtime Error at 234:0: Cannot slice non-array value of type 14
FAIL 165/485 test262/test/language/expressions/assignment/dstr/array-rest-iter-rtrn-close.js - test failed: Runtime Error at 244:0: Cannot slice non-array value of type 14
FAIL 166/485 test262/test/language/expressions/assignment/dstr/array-rest-iter-thrw-close-err.js - test failed: Runtime Error at 229:0: Cannot slice non-array value of type 14
FAIL 167/485 test262/test/language/expressions/assignment/dstr/array-rest-iter-thrw-close-skip.js - test failed: Runtime Error at 212:0: Cannot slice non-array value of type 14
FAIL 168/485 test262/test/language/expressions/assignment/dstr/array-rest-iter-thrw-close.js - test failed: Runtime Error at 234:0: Cannot slice non-array value of type 14
FAIL 169/485 test262/test/language/expressions/assignment/dstr/array-rest-iteration.js - test failed: Runtime Error at 15:0: Cannot slice non-array value of type 18
FAIL 170/485 test262/test/language/expressions/assignment/dstr/array-rest-lref-err.js - test failed: Runtime Error at 221:0: Cannot slice non-array value of type 14
FAIL 171/485 test262/test/language/expressions/assignment/dstr/array-rest-lref.js - test failed: Runtime Error at 15:0: Cannot slice non-array value of type 14
FAIL 173/485 test262/test/language/expressions/assignment/dstr/array-rest-nested-array-iter-thrw-close-skip.js - test failed: Runtime Error at 224:0: Cannot slice non-array value of type 14
FAIL 178/485 test262/test/language/expressions/assignment/dstr/array-rest-nested-array-yield-expr.js - test failed: Runtime Error at 1:1: Uncaught exception: Error: Expected SameValue(«undefined», «86») to be true
FAIL 180/485 test262/test/language/expressions/assignment/dstr/array-rest-nested-array-yield-ident-valid.js - test failed: Runtime Error at 1:1: Uncaught exception: Error: Expected SameValue(«undefined», «86») to be true
FAIL 183/485 test262/test/language/expressions/assignment/dstr/array-rest-nested-obj-null.js - test failed: Compile Error at 189:8: error compiling RHS
FAIL 184/485 test262/test/language/expressions/assignment/dstr/array-rest-nested-obj-undefined-hole.js - test failed: Compile Error at 192:8: error compiling RHS
FAIL 185/485 test262/test/language/expressions/assignment/dstr/array-rest-nested-obj-undefined-own.js - test failed: Compile Error at 192:8: error compiling RHS
FAIL 186/485 test262/test/language/expressions/assignment/dstr/array-rest-nested-obj-undefined.js - test failed: Compile Error at 192:8: error compiling RHS
FAIL 190/485 test262/test/language/expressions/assignment/dstr/array-rest-nested-obj.js - test failed: Compile Error at 189:8: error compiling RHS
FAIL 191/485 test262/test/language/expressions/assignment/dstr/array-rest-put-const.js - test failed: Runtime Error at 1:1: Uncaught exception: Error: Expected a TypeError to be thrown but no exception was thrown at all
FAIL 192/485 test262/test/language/expressions/assignment/dstr/array-rest-put-let.js - test failed: Runtime Error at 1:1: Uncaught exception: Error: Expected a ReferenceError to be thrown but no exception was thrown at all
FAIL 194/485 test262/test/language/expressions/assignment/dstr/array-rest-put-prop-ref-user-err-iter-close-skip.js - test failed: Runtime Error at 227:0: Cannot slice non-array value of type 14
FAIL 197/485 test262/test/language/expressions/assignment/dstr/array-rest-put-unresolvable-no-strict.js - test failed: Compile Error at 189:8: error compiling RHS
FAIL 198/485 test262/test/language/expressions/assignment/dstr/array-rest-put-unresolvable-strict.js - test failed: Runtime Error at 1:1: Uncaught exception: Error: Expected a ReferenceError to be thrown but no exception was thrown at all
FAIL 202/485 test262/test/language/expressions/assignment/dstr/ident-name-prop-name-literal-break-escaped.js - test failed: Compile Error at 205:23: undefined variable 'x'
FAIL 203/485 test262/test/language/expressions/assignment/dstr/ident-name-prop-name-literal-case-escaped.js - test failed: Compile Error at 205:22: undefined variable 'x'
FAIL 204/485 test262/test/language/expressions/assignment/dstr/ident-name-prop-name-literal-catch-escaped.js - test failed: Compile Error at 205:23: undefined variable 'x'
FAIL 205/485 test262/test/language/expressions/assignment/dstr/ident-name-prop-name-literal-class-escaped.js - test failed: Compile Error at 205:23: undefined variable 'x'
FAIL 206/485 test262/test/language/expressions/assignment/dstr/ident-name-prop-name-literal-const-escaped.js - test failed: Compile Error at 205:23: undefined variable 'x'
FAIL 207/485 test262/test/language/expressions/assignment/dstr/ident-name-prop-name-literal-continue-escaped.js - test failed: Compile Error at 205:26: undefined variable 'x'
FAIL 208/485 test262/test/language/expressions/assignment/dstr/ident-name-prop-name-literal-debugger-escaped.js - test failed: Compile Error at 205:26: undefined variable 'x'
FAIL 209/485 test262/test/language/expressions/assignment/dstr/ident-name-prop-name-literal-default-escaped-ext.js - test failed: Compile Error at 205:25: undefined variable 'x'
FAIL 210/485 test262/test/language/expressions/assignment/dstr/ident-name-prop-name-literal-default-escaped.js - test failed: Compile Error at 205:25: undefined variable 'x'
FAIL 211/485 test262/test/language/expressions/assignment/dstr/ident-name-prop-name-literal-default.js - test failed: Compile Error at 205:20: undefined variable 'x'
FAIL 212/485 test262/test/language/expressions/assignment/dstr/ident-name-prop-name-literal-delete-escaped.js - test failed: Compile Error at 205:24: undefined variable 'x'
FAIL 213/485 test262/test/language/expressions/assignment/dstr/ident-name-prop-name-literal-do-escaped.js - test failed: Compile Error at 205:20: undefined variable 'x'
FAIL 214/485 test262/test/language/expressions/assignment/dstr/ident-name-prop-name-literal-else-escaped.js - test failed: Compile Error at 205:22: undefined variable 'x'
FAIL 215/485 test262/test/language/expressions/assignment/dstr/ident-name-prop-name-literal-enum-escaped.js - test failed: Compile Error at 205:22: undefined variable 'x'
FAIL 216/485 test262/test/language/expressions/assignment/dstr/ident-name-prop-name-literal-export-escaped.js - test failed: Compile Error at 205:24: undefined variable 'x'
FAIL 217/485 test262/test/language/expressions/assignment/dstr/ident-name-prop-name-literal-extends-escaped-ext.js - test failed: Compile Error at 205:25: undefined variable 'x'
FAIL 218/485 test262/test/language/expressions/assignment/dstr/ident-name-prop-name-literal-extends-escaped.js - test failed: Compile Error at 205:25: undefined variable 'x'
FAIL 219/485 test262/test/language/expressions/assignment/dstr/ident-name-prop-name-literal-extends.js - test failed: Compile Error at 205:20: undefined variable 'x'
FAIL 220/485 test262/test/language/expressions/assignment/dstr/ident-name-prop-name-literal-finally-escaped.js - test failed: Compile Error at 205:25: undefined variable 'x'
FAIL 221/485 test262/test/language/expressions/assignment/dstr/ident-name-prop-name-literal-for-escaped.js - test failed: Compile Error at 205:21: undefined variable 'x'
FAIL 222/485 test262/test/language/expressions/assignment/dstr/ident-name-prop-name-literal-function-escaped.js - test failed: Compile Error at 205:26: undefined variable 'x'
FAIL 223/485 test262/test/language/expressions/assignment/dstr/ident-name-prop-name-literal-if-escaped.js - test failed: Compile Error at 205:20: undefined variable 'x'
FAIL 224/485 test262/test/language/expressions/assignment/dstr/ident-name-prop-name-literal-implements-escaped.js - test failed: Compile Error at 205:28: undefined variable 'x'
FAIL 225/485 test262/test/language/expressions/assignment/dstr/ident-name-prop-name-literal-import-escaped.js - test failed: Compile Error at 205:24: undefined variable 'x'
FAIL 226/485 test262/test/language/expressions/assignment/dstr/ident-name-prop-name-literal-in-escaped.js - test failed: Compile Error at 205:20: undefined variable 'x'
FAIL 227/485 test262/test/language/expressions/assignment/dstr/ident-name-prop-name-literal-instanceof-escaped.js - test failed: Compile Error at 205:28: undefined variable 'x'
FAIL 228/485 test262/test/language/expressions/assignment/dstr/ident-name-prop-name-literal-interface-escaped.js - test failed: Compile Error at 205:27: undefined variable 'x'
FAIL 229/485 test262/test/language/expressions/assignment/dstr/ident-name-prop-name-literal-let-escaped.js - test failed: Compile Error at 205:21: undefined variable 'x'
FAIL 230/485 test262/test/language/expressions/assignment/dstr/ident-name-prop-name-literal-new-escaped.js - test failed: Compile Error at 205:21: undefined variable 'x'
FAIL 231/485 test262/test/language/expressions/assignment/dstr/ident-name-prop-name-literal-package-escaped.js - test failed: Compile Error at 205:25: undefined variable 'x'
FAIL 232/485 test262/test/language/expressions/assignment/dstr/ident-name-prop-name-literal-private-escaped.js - test failed: Compile Error at 205:25: undefined variable 'x'
FAIL 233/485 test262/test/language/expressions/assignment/dstr/ident-name-prop-name-literal-protected-escaped.js - test failed: Compile Error at 205:27: undefined variable 'x'
FAIL 234/485 test262/test/language/expressions/assignment/dstr/ident-name-prop-name-literal-public-escaped.js - test failed: Compile Error at 205:24: undefined variable 'x'
FAIL 235/485 test262/test/language/expressions/assignment/dstr/ident-name-prop-name-literal-return-escaped.js - test failed: Compile Error at 205:24: undefined variable 'x'
FAIL 236/485 test262/test/language/expressions/assignment/dstr/ident-name-prop-name-literal-static-escaped.js - test failed: Compile Error at 205:24: undefined variable 'x'
FAIL 237/485 test262/test/language/expressions/assignment/dstr/ident-name-prop-name-literal-super-escaped.js - test failed: Compile Error at 205:23: undefined variable 'x'
FAIL 238/485 test262/test/language/expressions/assignment/dstr/ident-name-prop-name-literal-switch-escaped.js - test failed: Compile Error at 205:24: undefined variable 'x'
FAIL 239/485 test262/test/language/expressions/assignment/dstr/ident-name-prop-name-literal-this-escaped.js - test failed: Compile Error at 205:22: undefined variable 'x'
FAIL 240/485 test262/test/language/expressions/assignment/dstr/ident-name-prop-name-literal-throw-escaped.js - test failed: Compile Error at 205:23: undefined variable 'x'
FAIL 241/485 test262/test/language/expressions/assignment/dstr/ident-name-prop-name-literal-try-escaped.js - test failed: Compile Error at 205:21: undefined variable 'x'
FAIL 242/485 test262/test/language/expressions/assignment/dstr/ident-name-prop-name-literal-typeof-escaped.js - test failed: Compile Error at 205:24: undefined variable 'x'
FAIL 243/485 test262/test/language/expressions/assignment/dstr/ident-name-prop-name-literal-var-escaped.js - test failed: Compile Error at 205:21: undefined variable 'x'
FAIL 244/485 test262/test/language/expressions/assignment/dstr/ident-name-prop-name-literal-void-escaped.js - test failed: Compile Error at 205:22: undefined variable 'x'
FAIL 245/485 test262/test/language/expressions/assignment/dstr/ident-name-prop-name-literal-while-escaped.js - test failed: Compile Error at 205:23: undefined variable 'x'
FAIL 246/485 test262/test/language/expressions/assignment/dstr/ident-name-prop-name-literal-with-escaped.js - test failed: Compile Error at 205:22: undefined variable 'x'
FAIL 248/485 test262/test/language/expressions/assignment/dstr/obj-empty-null.js - test failed: Runtime Error at 1:1: Uncaught exception: Error: Expected a TypeError to be thrown but no exception was thrown at all
FAIL 253/485 test262/test/language/expressions/assignment/dstr/obj-empty-undef.js - test failed: Runtime Error at 1:1: Uncaught exception: Error: Expected a TypeError to be thrown but no exception was thrown at all
FAIL 280/485 test262/test/language/expressions/assignment/dstr/obj-id-put-const.js - test failed: Runtime Error at 1:1: Uncaught exception: Error: Expected a TypeError to be thrown but no exception was thrown at all
FAIL 281/485 test262/test/language/expressions/assignment/dstr/obj-id-put-let.js - test failed: Runtime Error at 1:1: Uncaught exception: Error: Expected a ReferenceError to be thrown but no exception was thrown at all
FAIL 282/485 test262/test/language/expressions/assignment/dstr/obj-id-put-unresolvable-no-strict.js - test failed: Compile Error at 189:8: error compiling RHS
FAIL 283/485 test262/test/language/expressions/assignment/dstr/obj-id-put-unresolvable-strict.js - test failed: Runtime Error at 1:1: Uncaught exception: Error: Expected a ReferenceError to be thrown but no exception was thrown at all
FAIL 332/485 test262/test/language/expressions/assignment/dstr/obj-prop-put-const.js - test failed: Runtime Error at 1:1: Uncaught exception: Error: Expected a TypeError to be thrown but no exception was thrown at all
FAIL 333/485 test262/test/language/expressions/assignment/dstr/obj-prop-put-let.js - test failed: Runtime Error at 1:1: Uncaught exception: Error: Expected a ReferenceError to be thrown but no exception was thrown at all
FAIL 338/485 test262/test/language/expressions/assignment/dstr/obj-prop-put-unresolvable-no-strict.js - test failed: Compile Error at 189:8: error compiling RHS
FAIL 339/485 test262/test/language/expressions/assignment/dstr/obj-prop-put-unresolvable-strict.js - test failed: Runtime Error at 1:1: Uncaught exception: Error: Expected a ReferenceError to be thrown but no exception was thrown at all
FAIL 340/485 test262/test/language/expressions/assignment/dstr/obj-rest-computed-property-no-strict.js - test failed: Compile Error at 564:8: error compiling RHS
FAIL 341/485 test262/test/language/expressions/assignment/dstr/obj-rest-computed-property.js - test failed: Runtime Error at 1:1: Uncaught exception: Error: Expected SameValue(«[object Object]», «undefined») to be true
FAIL 342/485 test262/test/language/expressions/assignment/dstr/obj-rest-descriptors.js - test failed: Runtime Error at 1:1: Uncaught exception: Error: obj['a'] descriptor should be writable; obj['a'] descriptor should be configurable
FAIL 344/485 test262/test/language/expressions/assignment/dstr/obj-rest-getter-abrupt-get-error.js - test failed: Runtime Error at 1:1: Uncaught exception: Error: Expected a Test262Error to be thrown but no exception was thrown at all
FAIL 345/485 test262/test/language/expressions/assignment/dstr/obj-rest-getter.js - test failed: Runtime Error at 1:1: Uncaught exception: Error: Expected SameValue(«0», «1») to be true
FAIL 346/485 test262/test/language/expressions/assignment/dstr/obj-rest-non-string-computed-property-1.js - test failed: Runtime Error at 1:1: Uncaught exception: Error: Expected SameValue(«[object Object]», «undefined») to be true
FAIL 347/485 test262/test/language/expressions/assignment/dstr/obj-rest-non-string-computed-property-1dot.js - test failed: Runtime Error at 1:1: Uncaught exception: Error: Expected SameValue(«[object Object]», «undefined») to be true
FAIL 348/485 test262/test/language/expressions/assignment/dstr/obj-rest-non-string-computed-property-1dot0.js - test failed: Runtime Error at 1:1: Uncaught exception: Error: Expected SameValue(«[object Object]», «undefined») to be true
FAIL 349/485 test262/test/language/expressions/assignment/dstr/obj-rest-non-string-computed-property-1e0.js - test failed: Runtime Error at 1:1: Uncaught exception: Error: Expected SameValue(«[object Object]», «undefined») to be true
FAIL 350/485 test262/test/language/expressions/assignment/dstr/obj-rest-non-string-computed-property-array-1.js - test failed: Runtime Error at 1:1: Uncaught exception: Error: Expected SameValue(«[object Object]», «undefined») to be true
FAIL 351/485 test262/test/language/expressions/assignment/dstr/obj-rest-non-string-computed-property-array-1e0.js - test failed: Runtime Error at 1:1: Uncaught exception: Error: Expected SameValue(«[object Object]», «undefined») to be true
FAIL 352/485 test262/test/language/expressions/assignment/dstr/obj-rest-non-string-computed-property-string-1.js - test failed: Runtime Error at 1:1: Uncaught exception: Error: Expected SameValue(«[object Object]», «undefined») to be true
FAIL 354/485 test262/test/language/expressions/assignment/dstr/obj-rest-number.js - test failed: Runtime Error at 1:1: Uncaught exception: Error: Expected true but got false
FAIL 355/485 test262/test/language/expressions/assignment/dstr/obj-rest-order.js - test failed: Runtime Error at 1:1: Uncaught exception: Error: Actual [] and expected [1, z, a, Symbol(foo)] should have the same contents. 
FAIL 356/485 test262/test/language/expressions/assignment/dstr/obj-rest-put-const.js - test failed: Runtime Error at 1:1: Uncaught exception: Error: Expected a TypeError to be thrown but no exception was thrown at all
FAIL 358/485 test262/test/language/expressions/assignment/dstr/obj-rest-skip-non-enumerable.js - test failed: Runtime Error at 1:1: Uncaught exception: Error: Expected SameValue(«[object Object]», «undefined») to be true
FAIL 359/485 test262/test/language/expressions/assignment/dstr/obj-rest-str-val.js - test failed: Runtime Error at 1:1: Uncaught exception: TypeError: Cannot access property '0' on non-object type 'string'
    at <script> (<script>:15:1)
FAIL 360/485 test262/test/language/expressions/assignment/dstr/obj-rest-symbol-val.js - test failed: Runtime Error at 1:1: Uncaught exception: Error: Expected true but got false
FAIL 361/485 test262/test/language/expressions/assignment/dstr/obj-rest-to-property-with-setter.js - test failed: Syntax Error at 197:10: rest element target must be an identifier
FAIL 362/485 test262/test/language/expressions/assignment/dstr/obj-rest-to-property.js - test failed: Syntax Error at 564:10: rest element target must be an identifier
FAIL 363/485 test262/test/language/expressions/assignment/dstr/obj-rest-val-null.js - test failed: Runtime Error at 1:1: Uncaught exception: Error: Expected a TypeError to be thrown but no exception was thrown at all
FAIL 364/485 test262/test/language/expressions/assignment/dstr/obj-rest-val-undefined.js - test failed: Runtime Error at 1:1: Uncaught exception: Error: Expected a TypeError to be thrown but no exception was thrown at all
FAIL 365/485 test262/test/language/expressions/assignment/dstr/obj-rest-valid-object.js - test failed: Runtime Error at 1:1: Uncaught exception: Error: Expected SameValue(«3», «undefined») to be true
FAIL 473/485 test262/test/language/expressions/assignment/target-member-computed-reference-null.js - test failed: Runtime Error at 1:1: Uncaught exception: Error: Expected a DummyError but got a TypeError
FAIL 474/485 test262/test/language/expressions/assignment/target-member-computed-reference-undefined.js - test failed: Runtime Error at 1:1: Uncaught exception: Error: Expected a DummyError but got a TypeError
FAIL 475/485 test262/test/language/expressions/assignment/target-member-computed-reference.js - test failed: Runtime Error at 1:1: Uncaught exception: Error: Expected a DummyError but got a TypeError
FAIL 476/485 test262/test/language/expressions/assignment/target-member-identifier-reference-null.js - test failed: Runtime Error at 194:0: Cannot set property 'prop' on non-object type 'null'
FAIL 477/485 test262/test/language/expressions/assignment/target-member-identifier-reference-undefined.js - test failed: Runtime Error at 194:0: Cannot set property 'prop' on non-object type 'undefined'
FAIL 482/485 test262/test/language/expressions/assignment/target-super-computed-reference-null.js - test failed: Runtime Error at 1:1: Uncaught exception: TypeError: Object.setPrototypeOf called on non-object
    at <script> (<script>:1:1)
FAIL 483/485 test262/test/language/expressions/assignment/target-super-computed-reference.js - test failed: Runtime Error at 1:1: Uncaught exception: Error: Expected a DummyError but got a ReferenceError
FAIL 484/485 test262/test/language/expressions/assignment/target-super-identifier-reference-null.js - test failed: Runtime Error at 1:1: Uncaught exception: TypeError: Object.setPrototypeOf called on non-object
    at <script> (<script>:1:1)

Final stats: [Mem: 3.1MB Heap: 3.1MB Goroutines: 1]

=== Test262 Summary ===
Total:    485
Passed:   303 (62.5%)
Failed:   182 (37.5%)
Timeouts: 0 (0.0%)
Skipped:  0 (0.0%)
Duration: 1.0262785s
======================
